12:02:27 **** Incremental Build of configuration Debug for project Master_Mind Flash ****
make all 
Building file: ../UART1/UART1_driver.c
Invoking: Cross ARM C Compiler
arm-none-eabi-gcc -mcpu=cortex-m4 -mthumb -mfloat-abi=hard -mfpu=fpv4-sp-d16 -O0 -fmessage-length=0 -fsigned-char -ffunction-sections -fdata-sections -Wall  -g3 -D"CPU_MK22FN512VDC12" -DCLOCK_INIT_CONFIG=CLOCK_RUN -DDEBUG -DFRDM_K22F -DCLOCK_SETUP=0 -DFREEDOM -I"C:/Users/Hsuan-Wei Lo/Documents/GitHub/CubeSat/Computing/Master_Mind Flash/SDK/platform/osa" -I/home/alex/KSDK_1.3.0/platform/devices/MK22F51212/include -I/home/alex/KSDK_1.3.0/platform/devices/MK22F51212/startup -I"/platform/drivers/src/flash/C90TFS/drvsrc/source/" -I/home/alex/KSDK_1.3.0/platform/drivers/src/flash/C90TFS/drvsrc/include -I/home/alex/KSDK_1.3.0/platform/drivers/src/flash/C90TFS/drvsrc/source -I"C:/Users/Hsuan-Wei Lo/Documents/GitHub/CubeSat/Computing/Master_Mind Flash/SDK/platform/CMSIS/Include" -I"/platform/drivers/inc" -I"/platform/osa/inc" -I"/platform/hal/inc" -I"/platform/system/inc" -I"C:/Users/Hsuan-Wei Lo/Documents/GitHub/CubeSat/Computing/Master_Mind Flash/SDK/board" -I"C:/Users/Hsuan-Wei Lo/Documents/GitHub/CubeSat/Computing/Master_Mind Flash/SDK/platform/devices" -I"C:/Users/Hsuan-Wei Lo/Documents/GitHub/CubeSat/Computing/Master_Mind Flash/SDK/platform/utilities" -I"../Sources" -I"../Project_Settings/Startup_Code" -I"../SDK/platform/CMSIS/Include" -I"../SDK/platform/devices" -I"../SDK/platform/devices/MK22F51212/include" -I"/platform/utilities/inc" -I"/platform/utilities/src" -I"/platform/drivers/src/flash/C90TFS/drvsrc/source" -I"/platform/drivers/src/flash/C90TFS/drvsrc/include" -I"/platform/system/inc" -I"/platform/system/src/interrupt" -std=c99 -MMD -MP -MF"UART1/UART1_driver.d" -MT"UART1/UART1_driver.o" -c -o "UART1/UART1_driver.o" "../UART1/UART1_driver.c"
Finished building: ../UART1/UART1_driver.c
 
Building file: ../UART0/UART0_driver.c
Invoking: Cross ARM C Compiler
arm-none-eabi-gcc -mcpu=cortex-m4 -mthumb -mfloat-abi=hard -mfpu=fpv4-sp-d16 -O0 -fmessage-length=0 -fsigned-char -ffunction-sections -fdata-sections -Wall  -g3 -D"CPU_MK22FN512VDC12" -DCLOCK_INIT_CONFIG=CLOCK_RUN -DDEBUG -DFRDM_K22F -DCLOCK_SETUP=0 -DFREEDOM -I"C:/Users/Hsuan-Wei Lo/Documents/GitHub/CubeSat/Computing/Master_Mind Flash/SDK/platform/osa" -I/home/alex/KSDK_1.3.0/platform/devices/MK22F51212/include -I/home/alex/KSDK_1.3.0/platform/devices/MK22F51212/startup -I"/platform/drivers/src/flash/C90TFS/drvsrc/source/" -I/home/alex/KSDK_1.3.0/platform/drivers/src/flash/C90TFS/drvsrc/include -I/home/alex/KSDK_1.3.0/platform/drivers/src/flash/C90TFS/drvsrc/source -I"C:/Users/Hsuan-Wei Lo/Documents/GitHub/CubeSat/Computing/Master_Mind Flash/SDK/platform/CMSIS/Include" -I"/platform/drivers/inc" -I"/platform/osa/inc" -I"/platform/hal/inc" -I"/platform/system/inc" -I"C:/Users/Hsuan-Wei Lo/Documents/GitHub/CubeSat/Computing/Master_Mind Flash/SDK/board" -I"C:/Users/Hsuan-Wei Lo/Documents/GitHub/CubeSat/Computing/Master_Mind Flash/SDK/platform/devices" -I"C:/Users/Hsuan-Wei Lo/Documents/GitHub/CubeSat/Computing/Master_Mind Flash/SDK/platform/utilities" -I"../Sources" -I"../Project_Settings/Startup_Code" -I"../SDK/platform/CMSIS/Include" -I"../SDK/platform/devices" -I"../SDK/platform/devices/MK22F51212/include" -I"/platform/utilities/inc" -I"/platform/utilities/src" -I"/platform/drivers/src/flash/C90TFS/drvsrc/source" -I"/platform/drivers/src/flash/C90TFS/drvsrc/include" -I"/platform/system/inc" -I"/platform/system/src/interrupt" -std=c99 -MMD -MP -MF"UART0/UART0_driver.d" -MT"UART0/UART0_driver.o" -c -o "UART0/UART0_driver.o" "../UART0/UART0_driver.c"
Finished building: ../UART0/UART0_driver.c
 
Building file: ../Sources/flash_swap.c
Invoking: Cross ARM C Compiler
arm-none-eabi-gcc -mcpu=cortex-m4 -mthumb -mfloat-abi=hard -mfpu=fpv4-sp-d16 -O0 -fmessage-length=0 -fsigned-char -ffunction-sections -fdata-sections -Wall  -g3 -D"CPU_MK22FN512VDC12" -DCLOCK_INIT_CONFIG=CLOCK_RUN -DDEBUG -DFRDM_K22F -DCLOCK_SETUP=0 -DFREEDOM -I"C:/Users/Hsuan-Wei Lo/Documents/GitHub/CubeSat/Computing/Master_Mind Flash/SDK/platform/osa" -I/home/alex/KSDK_1.3.0/platform/devices/MK22F51212/include -I/home/alex/KSDK_1.3.0/platform/devices/MK22F51212/startup -I"/platform/drivers/src/flash/C90TFS/drvsrc/source/" -I/home/alex/KSDK_1.3.0/platform/drivers/src/flash/C90TFS/drvsrc/include -I/home/alex/KSDK_1.3.0/platform/drivers/src/flash/C90TFS/drvsrc/source -I"C:/Users/Hsuan-Wei Lo/Documents/GitHub/CubeSat/Computing/Master_Mind Flash/SDK/platform/CMSIS/Include" -I"/platform/drivers/inc" -I"/platform/osa/inc" -I"/platform/hal/inc" -I"/platform/system/inc" -I"C:/Users/Hsuan-Wei Lo/Documents/GitHub/CubeSat/Computing/Master_Mind Flash/SDK/board" -I"C:/Users/Hsuan-Wei Lo/Documents/GitHub/CubeSat/Computing/Master_Mind Flash/SDK/platform/devices" -I"C:/Users/Hsuan-Wei Lo/Documents/GitHub/CubeSat/Computing/Master_Mind Flash/SDK/platform/utilities" -I"../Sources" -I"../Project_Settings/Startup_Code" -I"../SDK/platform/CMSIS/Include" -I"../SDK/platform/devices" -I"../SDK/platform/devices/MK22F51212/include" -I"/platform/utilities/inc" -I"/platform/utilities/src" -I"/platform/drivers/src/flash/C90TFS/drvsrc/source" -I"/platform/drivers/src/flash/C90TFS/drvsrc/include" -I"/platform/system/inc" -I"/platform/system/src/interrupt" -std=c99 -MMD -MP -MF"Sources/flash_swap.d" -MT"Sources/flash_swap.o" -c -o "Sources/flash_swap.o" "../Sources/flash_swap.c"
In file included from C:/Users/Hsuan-Wei Lo/Documents/GitHub/CubeSat/Computing/Master_Mind Flash/SDK/board/board.h:36:0,
                 from ../Sources/flash_demo.h:34,
                 from ../Sources/flash_swap.c:34:
C:/Users/Hsuan-Wei Lo/Documents/GitHub/CubeSat/Computing/Master_Mind Flash/SDK/board/gpio_pins.h:55:72: fatal error: /home/alex/KSDK_1.3.0/platform/drivers/inc/fsl_gpio_driver.h: No such file or directory
 #include "/home/alex/KSDK_1.3.0/platform/drivers/inc/fsl_gpio_driver.h"
                                                                        ^
compilation terminated.
Sources/subdir.mk:24: recipe for target 'Sources/flash_swap.o' failed
make: *** [Sources/flash_swap.o] Error 1

12:02:30 Build Finished (took 3s.107ms)

